X: 3.765869, Y: 3.349304, Z: -100.311279, Timestamp: 3982.504429
X: 3.935242, Y: 3.257751, Z: -100.489807, Timestamp: 3982.530337
X: 3.761292, Y: 3.396606, Z: -100.398254, Timestamp: 3982.556225
X: 3.904724, Y: 3.236389, Z: -100.279236, Timestamp: 3982.582140
X: 3.805542, Y: 3.390503, Z: -100.413513, Timestamp: 3982.608001
X: 3.833008, Y: 3.327942, Z: -100.518799, Timestamp: 3982.633878
X: 3.883362, Y: 3.227234, Z: -100.466919, Timestamp: 3982.659794
X: 3.836060, Y: 3.179932, Z: -100.354004, Timestamp: 3982.685670
X: 3.884888, Y: 3.215027, Z: -100.509644, Timestamp: 3982.711596
X: 3.910828, Y: 3.341675, Z: -100.323486, Timestamp: 3982.737454
X: 3.904724, Y: 3.408813, Z: -100.599670, Timestamp: 3982.763335
X: 3.735352, Y: 3.251648, Z: -100.424194, Timestamp: 3982.789262
X: 3.887939, Y: 3.247070, Z: -100.613403, Timestamp: 3982.815123
X: 3.929138, Y: 3.276062, Z: -100.555420, Timestamp: 3982.841050
X: 3.805542, Y: 3.248596, Z: -100.428772, Timestamp: 3982.866922
X: 4.006958, Y: 3.396606, Z: -100.456238, Timestamp: 3982.900791
X: 4.040527, Y: 3.327942, Z: -100.489807, Timestamp: 3982.944565
X: 3.738403, Y: 3.276062, Z: -100.563049, Timestamp: 3982.970507
X: 3.845215, Y: 3.271484, Z: -100.387573, Timestamp: 3982.996381
X: 3.805542, Y: 3.369141, Z: -100.341797, Timestamp: 3983.022260
X: 3.797913, Y: 3.300476, Z: -100.410461, Timestamp: 3983.048158
X: 3.715515, Y: 3.338623, Z: -100.457764, Timestamp: 3983.074055
X: 3.663635, Y: 3.448486, Z: -100.402832, Timestamp: 3983.099977
X: 3.858948, Y: 3.434753, Z: -100.569153, Timestamp: 3983.125839
X: 3.782654, Y: 3.401184, Z: -100.354004, Timestamp: 3983.151735
X: 4.010010, Y: 3.416443, Z: -100.450134, Timestamp: 3983.177654
X: 3.770447, Y: 3.242493, Z: -100.645447, Timestamp: 3983.203521
X: 3.805542, Y: 3.514099, Z: -100.563049, Timestamp: 3983.229449
X: 3.721619, Y: 3.330994, Z: -100.495911, Timestamp: 3983.255331
X: 3.971863, Y: 3.466797, Z: -100.700378, Timestamp: 3983.281203
X: 3.854370, Y: 3.282166, Z: -100.631714, Timestamp: 3983.307101
X: 3.726196, Y: 3.294373, Z: -100.549316, Timestamp: 3983.333003
X: 3.694153, Y: 3.421021, Z: -100.547791, Timestamp: 3983.358921
X: 3.793335, Y: 3.384399, Z: -100.682068, Timestamp: 3983.384782
X: 3.738403, Y: 3.196716, Z: -100.639343, Timestamp: 3983.410673
X: 3.674316, Y: 3.334045, Z: -100.741577, Timestamp: 3983.436593
X: 3.811646, Y: 3.375244, Z: -100.601196, Timestamp: 3983.462462
X: 3.970337, Y: 3.131104, Z: -100.444031, Timestamp: 3983.488383
X: 3.749084, Y: 3.346252, Z: -100.703430, Timestamp: 3983.514263
X: 3.796387, Y: 3.279114, Z: -100.735474, Timestamp: 3983.540131
X: 3.771973, Y: 3.373718, Z: -100.584412, Timestamp: 3983.566043
X: 3.862000, Y: 3.335571, Z: -100.314331, Timestamp: 3983.591938
X: 3.884888, Y: 3.477478, Z: -100.564575, Timestamp: 3983.617857
X: 3.831482, Y: 3.393555, Z: -100.592041, Timestamp: 3983.643717
X: 3.846741, Y: 3.408813, Z: -100.466919, Timestamp: 3983.669614
X: 3.712463, Y: 3.334045, Z: -100.575256, Timestamp: 3983.695520
X: 3.919983, Y: 3.195190, Z: -100.691223, Timestamp: 3983.721395
X: 3.819275, Y: 3.303528, Z: -100.625610, Timestamp: 3983.747335
X: 3.894043, Y: 3.407288, Z: -100.662231, Timestamp: 3983.773200
X: 3.814697, Y: 3.353882, Z: -100.502014, Timestamp: 3983.799070
X: 3.848267, Y: 3.314209, Z: -100.659180, Timestamp: 3983.824994
X: 3.901672, Y: 3.506470, Z: -100.701904, Timestamp: 3983.850895
X: 3.720093, Y: 3.346252, Z: -100.674438, Timestamp: 3983.876788
X: 0.950623, Y: 4.074097, Z: -93.107605, Timestamp: 3983.902670
X: 4.583740, Y: 1.435852, Z: -103.540039, Timestamp: 3983.928564
X: 1.702881, Y: -1.747131, Z: -99.038696, Timestamp: 3983.954467
X: 10.615540, Y: 1.864624, Z: -101.097107, Timestamp: 3983.980341
X: 2.659607, Y: 5.943298, Z: -96.958923, Timestamp: 3984.006263
X: 1.190186, Y: 5.291748, Z: -103.239441, Timestamp: 3984.032158
X: 3.103638, Y: 3.157043, Z: -98.925781, Timestamp: 3984.058039
X: 4.391479, Y: 3.831482, Z: -99.835205, Timestamp: 3984.083934
X: 4.592896, Y: 2.149963, Z: -103.253174, Timestamp: 3984.109836
X: 7.250977, Y: 5.801392, Z: -100.566101, Timestamp: 3984.135753
X: 3.710938, Y: 4.898071, Z: -98.703003, Timestamp: 3984.161628
X: 20.088196, Y: -11.589050, Z: -96.166992, Timestamp: 3984.187480
X: 1.985168, Y: -5.720520, Z: -106.674194, Timestamp: 3984.213411
X: 0.880432, Y: 14.456177, Z: -106.690979, Timestamp: 3984.239285
X: -24.981689, Y: 31.896973, Z: -120.213318, Timestamp: 3984.265198
X: 33.496094, Y: 4.663086, Z: -106.814575, Timestamp: 3984.291062
X: 101.777649, Y: -49.472046, Z: -97.323608, Timestamp: 3984.316944
X: 6.370544, Y: -24.192810, Z: -52.783203, Timestamp: 3984.342836
X: 17.864990, Y: 55.735779, Z: -84.642029, Timestamp: 3984.368732
X: 25.062561, Y: 32.856750, Z: -100.799561, Timestamp: 3984.394643
X: 72.230530, Y: 12.129211, Z: -98.289490, Timestamp: 3984.420518
X: 92.218018, Y: -9.571838, Z: -90.908813, Timestamp: 3984.446384
X: 73.727417, Y: -10.296631, Z: -136.927795, Timestamp: 3984.472297
X: 62.753296, Y: -10.112000, Z: -124.696350, Timestamp: 3984.498166
X: 73.095703, Y: -16.658020, Z: -94.216919, Timestamp: 3984.524078
X: 77.940369, Y: -24.014282, Z: -69.721985, Timestamp: 3984.549904
X: 76.506042, Y: -25.244141, Z: -74.780273, Timestamp: 3984.575774
X: 95.756531, Y: -39.614868, Z: -56.823730, Timestamp: 3984.601687
X: 87.689209, Y: -55.917358, Z: -50.299072, Timestamp: 3984.627554
X: 58.068848, Y: -50.363159, Z: -35.914612, Timestamp: 3984.653467
X: 43.922424, Y: -30.996704, Z: -19.526672, Timestamp: 3984.679335
X: 55.177307, Y: -43.684387, Z: 37.829590, Timestamp: 3984.705179
X: 48.835754, Y: -62.435913, Z: 12.648010, Timestamp: 3984.731116
X: 40.292358, Y: -56.922913, Z: 15.821838, Timestamp: 3984.756985
X: 63.023376, Y: -40.617371, Z: 42.381287, Timestamp: 3984.782897
X: 60.229492, Y: -57.781982, Z: 54.658508, Timestamp: 3984.808764
X: 47.442627, Y: -46.049500, Z: 53.208923, Timestamp: 3984.834629
X: 42.085266, Y: -26.837158, Z: 72.590637, Timestamp: 3984.860539
X: 47.798157, Y: -28.027344, Z: 75.965881, Timestamp: 3984.886409
X: 55.262756, Y: -26.228333, Z: 79.229736, Timestamp: 3984.912318
X: 56.491089, Y: -38.014221, Z: 66.549683, Timestamp: 3984.938184
X: 61.874390, Y: -46.203613, Z: 70.690918, Timestamp: 3984.964051
X: 58.357239, Y: -36.518860, Z: 82.041931, Timestamp: 3984.989964
X: 52.960205, Y: -48.313904, Z: 73.625183, Timestamp: 3985.015832
X: 51.596069, Y: -48.449707, Z: 69.827271, Timestamp: 3985.041746
X: 45.585632, Y: -47.113037, Z: 65.650940, Timestamp: 3985.067614
X: 48.696899, Y: -34.234619, Z: 93.363953, Timestamp: 3985.093481
X: 47.758484, Y: -51.127625, Z: 88.026428, Timestamp: 3985.119393
X: 49.700928, Y: -67.733765, Z: 66.232300, Timestamp: 3985.145249
X: 49.105835, Y: -71.224976, Z: 54.797363, Timestamp: 3985.171173
X: 24.761963, Y: -64.530945, Z: 55.099487, Timestamp: 3985.197023
X: 12.068176, Y: -66.859436, Z: 59.338379, Timestamp: 3985.222907
X: 5.683899, Y: -79.225159, Z: 54.154968, Timestamp: 3985.248815
X: -6.121826, Y: -83.900452, Z: 41.734314, Timestamp: 3985.274681
X: -7.792664, Y: -83.650208, Z: 13.841248, Timestamp: 3985.300595
X: -24.472046, Y: -108.157349, Z: 4.272461, Timestamp: 3985.326463
X: -21.859741, Y: -81.672668, Z: 27.677917, Timestamp: 3985.352330
X: -23.611450, Y: -96.598816, Z: 22.116089, Timestamp: 3985.378243
X: -34.027100, Y: -79.406738, Z: -22.328186, Timestamp: 3985.404112
X: -61.364746, Y: -62.721252, Z: -11.546326, Timestamp: 3985.430027
X: -75.386047, Y: -42.073059, Z: -0.099182, Timestamp: 3985.455899
X: -86.149597, Y: -54.634094, Z: 27.983093, Timestamp: 3985.481767
X: -75.685120, Y: -48.414612, Z: 21.669006, Timestamp: 3985.507678
X: -101.312256, Y: -35.391235, Z: 0.090027, Timestamp: 3985.533543
X: -115.800476, Y: -16.217041, Z: 3.543091, Timestamp: 3985.559456
X: -82.374573, Y: -27.651978, Z: 25.947571, Timestamp: 3985.585323
X: -64.712524, Y: -40.223694, Z: 5.799866, Timestamp: 3985.611189
X: -63.063049, Y: -20.236206, Z: -19.807434, Timestamp: 3985.637101
X: -86.717224, Y: -31.649780, Z: -61.489868, Timestamp: 3985.662970
X: -85.548401, Y: -21.449280, Z: -87.333679, Timestamp: 3985.688885
X: -50.083923, Y: 10.087585, Z: -74.365234, Timestamp: 3985.714752
X: -31.871033, Y: 1.268005, Z: -49.002075, Timestamp: 3985.740621
X: -30.897522, Y: -21.003723, Z: -127.397156, Timestamp: 3985.766531
X: -37.699890, Y: 2.397156, Z: -150.154114, Timestamp: 3985.792401
X: -18.161011, Y: 27.793884, Z: -87.437439, Timestamp: 3985.818311
X: 9.527588, Y: 5.288696, Z: -77.545166, Timestamp: 3985.844179
X: 18.367004, Y: 6.388855, Z: -119.282532, Timestamp: 3985.870050
X: 29.830933, Y: 22.726440, Z: -101.736450, Timestamp: 3985.895961
X: 49.913025, Y: 27.429199, Z: -80.929565, Timestamp: 3985.921828
X: 63.725281, Y: 24.145508, Z: -82.844543, Timestamp: 3985.947742
X: 70.063782, Y: 40.440369, Z: -91.966248, Timestamp: 3985.973612
X: 85.990906, Y: 26.463318, Z: -111.242676, Timestamp: 3985.999481
X: 100.488281, Y: 21.542358, Z: -98.767090, Timestamp: 3986.025396
X: 93.351746, Y: 38.880920, Z: -53.132629, Timestamp: 3986.051262
X: 87.829590, Y: 42.140198, Z: -46.064758, Timestamp: 3986.077177
X: 93.293762, Y: 43.931580, Z: -28.247070, Timestamp: 3986.103048
X: 71.859741, Y: 48.480225, Z: -42.512512, Timestamp: 3986.128917
X: 95.272827, Y: 37.677002, Z: -11.547852, Timestamp: 3986.154828
X: 109.625244, Y: 31.307983, Z: -13.880920, Timestamp: 3986.180694
X: 108.723450, Y: 26.150513, Z: -24.728394, Timestamp: 3986.206603
X: 91.917419, Y: 32.763672, Z: -6.030273, Timestamp: 3986.232472
X: 74.780273, Y: 40.837097, Z: 8.680725, Timestamp: 3986.258342
X: 82.624817, Y: 46.301270, Z: 19.458008, Timestamp: 3986.284253
X: 95.349121, Y: 33.401489, Z: 29.283142, Timestamp: 3986.310123
X: 103.999329, Y: 17.698669, Z: -0.505066, Timestamp: 3986.336034
X: 70.812988, Y: 65.840149, Z: -23.684692, Timestamp: 3986.361905
X: 125.091553, Y: 42.016602, Z: 33.297729, Timestamp: 3986.387772
X: 89.205933, Y: 61.578369, Z: 15.715027, Timestamp: 3986.413687
X: 99.754333, Y: 65.870667, Z: 3.735352, Timestamp: 3986.439557
X: 85.089111, Y: 52.117920, Z: 23.825073, Timestamp: 3986.465470
X: 126.155090, Y: 8.813477, Z: 32.960510, Timestamp: 3986.491340
X: 124.763489, Y: 60.662842, Z: -32.328796, Timestamp: 3986.517207
X: 41.314697, Y: 19.172668, Z: 71.995544, Timestamp: 3986.543119
X: 58.601379, Y: 30.979919, Z: 92.575073, Timestamp: 3986.568986
X: 71.203613, Y: 7.762146, Z: 61.296082, Timestamp: 3986.594899
X: 74.011230, Y: -2.142334, Z: 46.891785, Timestamp: 3986.620741
X: 44.818115, Y: 11.692810, Z: 68.078613, Timestamp: 3986.646640
X: 57.160950, Y: -1.354980, Z: 105.448914, Timestamp: 3986.672555
X: 58.837891, Y: -20.106506, Z: 84.277344, Timestamp: 3986.698425
X: 60.794067, Y: -9.893799, Z: 90.962219, Timestamp: 3986.724339
X: 49.435425, Y: 1.684570, Z: 97.561646, Timestamp: 3986.750207
X: 46.594238, Y: -8.473206, Z: 105.415344, Timestamp: 3986.776077
X: 49.633789, Y: -9.664917, Z: 114.819336, Timestamp: 3986.801992
X: 56.921387, Y: -28.079224, Z: 106.835938, Timestamp: 3986.827859
X: 20.326233, Y: -4.946899, Z: 66.127014, Timestamp: 3986.853772
X: -28.028870, Y: -1.141357, Z: 64.535522, Timestamp: 3986.879637
X: -40.106201, Y: -36.224365, Z: 50.660706, Timestamp: 3986.905506
X: -31.805420, Y: -63.681030, Z: -11.312866, Timestamp: 3986.931420
X: -24.264526, Y: -55.960083, Z: -31.222534, Timestamp: 3986.957289
X: -46.443176, Y: -19.943237, Z: -10.740662, Timestamp: 3986.983202
X: -79.234314, Y: -30.747986, Z: -34.100342, Timestamp: 3987.009072
X: -84.513855, Y: 4.663086, Z: -9.117126, Timestamp: 3987.034943
X: -77.745056, Y: 8.193970, Z: -48.934937, Timestamp: 3987.060853
X: -65.934753, Y: -12.138367, Z: -64.465332, Timestamp: 3987.086724
X: -81.585693, Y: 5.950928, Z: -64.552307, Timestamp: 3987.112636
X: -56.524658, Y: 35.278320, Z: -60.034180, Timestamp: 3987.138510
X: -52.049255, Y: 23.670959, Z: -123.077393, Timestamp: 3987.164377
X: -27.023315, Y: -11.053467, Z: -165.570068, Timestamp: 3987.190291
X: -25.868225, Y: 14.868164, Z: -100.233459, Timestamp: 3987.216161
X: -3.056335, Y: 21.279907, Z: -84.342957, Timestamp: 3987.242064
X: 5.450439, Y: 28.805542, Z: -92.744446, Timestamp: 3987.267947
X: 3.356934, Y: 43.891907, Z: -142.282104, Timestamp: 3987.293817
X: 31.198120, Y: 35.441589, Z: -131.158447, Timestamp: 3987.319732
X: 60.693359, Y: 54.809570, Z: -129.589844, Timestamp: 3987.345598
X: 59.124756, Y: 61.309814, Z: -89.041138, Timestamp: 3987.371512
X: 35.044861, Y: 67.622375, Z: -81.111145, Timestamp: 3987.397384
X: -1.107788, Y: 74.235535, Z: -78.965759, Timestamp: 3987.423254
X: -17.968750, Y: 79.374695, Z: -72.361755, Timestamp: 3987.449169
X: -39.775085, Y: 97.882080, Z: -56.732178, Timestamp: 3987.475040
X: -64.939880, Y: 110.742188, Z: -73.419189, Timestamp: 3987.500955
X: -78.450012, Y: 102.180481, Z: -95.162964, Timestamp: 3987.526827
X: -71.623230, Y: 70.201111, Z: -126.797485, Timestamp: 3987.552699
X: -67.263794, Y: 46.875000, Z: -139.384460, Timestamp: 3987.578611
X: -57.756042, Y: 51.185608, Z: -106.504822, Timestamp: 3987.604481
X: -33.798218, Y: 27.391052, Z: -61.770630, Timestamp: 3987.630395
X: -35.128784, Y: 1.817322, Z: -35.295105, Timestamp: 3987.656264
X: -71.768188, Y: 22.187805, Z: -27.838135, Timestamp: 3987.682133
X: -95.806885, Y: 60.974121, Z: -16.362000, Timestamp: 3987.708043
X: -78.912354, Y: 28.997803, Z: 8.335876, Timestamp: 3987.733915
X: -51.481628, Y: 9.692383, Z: 21.800232, Timestamp: 3987.759827
X: -100.236511, Y: 7.032776, Z: 44.415283, Timestamp: 3987.785694
X: -119.895935, Y: 4.455566, Z: 29.606628, Timestamp: 3987.811562
X: -105.162048, Y: -27.096558, Z: 26.354980, Timestamp: 3987.837473
X: -95.361328, Y: -29.640198, Z: -14.025879, Timestamp: 3987.863339
X: -122.612000, Y: -6.999207, Z: -49.804688, Timestamp: 3987.889250
X: -101.631165, Y: -43.218994, Z: -0.213623, Timestamp: 3987.915119
X: -90.577698, Y: -37.930298, Z: -20.500183, Timestamp: 3987.940991
X: -103.192139, Y: -18.904114, Z: -45.593262, Timestamp: 3987.966905
X: -109.336853, Y: -35.911560, Z: -19.583130, Timestamp: 3987.992775
X: -92.695618, Y: -29.153442, Z: -10.658264, Timestamp: 3988.018688
X: -55.723572, Y: -29.553223, Z: 0.254822, Timestamp: 3988.044560
X: -61.508179, Y: -26.310730, Z: -56.469727, Timestamp: 3988.070428
X: -96.165466, Y: -39.564514, Z: -52.308655, Timestamp: 3988.096332
X: -111.697388, Y: -29.776001, Z: -60.060120, Timestamp: 3988.122210
X: -111.386108, Y: -13.549805, Z: -72.785950, Timestamp: 3988.148118
X: -95.108032, Y: -39.326477, Z: -63.018799, Timestamp: 3988.173991
X: -43.228149, Y: -48.831177, Z: -55.261230, Timestamp: 3988.199861
X: 40.379333, Y: -48.854065, Z: -16.673279, Timestamp: 3988.225777
X: 20.727539, Y: -66.337585, Z: -11.523438, Timestamp: 3988.251648
X: 36.216736, Y: -33.357239, Z: 74.020386, Timestamp: 3988.277561
X: 89.440918, Y: -1.899719, Z: 75.837708, Timestamp: 3988.303429
X: 122.605896, Y: 2.957153, Z: 58.082581, Timestamp: 3988.329298
X: 56.645203, Y: -2.331543, Z: 32.609558, Timestamp: 3988.355209
X: 68.463135, Y: 64.596558, Z: 93.330383, Timestamp: 3988.381081
X: 116.616821, Y: 64.608765, Z: 56.849670, Timestamp: 3988.406995
X: 97.218323, Y: 63.250732, Z: 7.307434, Timestamp: 3988.432863
X: 75.111389, Y: 45.988464, Z: 59.518433, Timestamp: 3988.458729
X: 79.835510, Y: 73.150635, Z: 23.585510, Timestamp: 3988.484641
X: 78.245544, Y: 68.218994, Z: 11.526489, Timestamp: 3988.510504
X: 46.287537, Y: 77.883911, Z: -8.729553, Timestamp: 3988.536413
X: 38.722229, Y: 73.406982, Z: -28.857422, Timestamp: 3988.562278
X: 50.302124, Y: 51.641846, Z: -42.663574, Timestamp: 3988.588147
X: 88.310242, Y: 79.248047, Z: -36.445618, Timestamp: 3988.614056
X: 103.044128, Y: 93.782043, Z: -51.783752, Timestamp: 3988.639921
X: 55.668640, Y: 75.749207, Z: -84.280396, Timestamp: 3988.665832
X: 48.335266, Y: 57.881165, Z: -101.481628, Timestamp: 3988.691697
X: 68.629456, Y: 43.695068, Z: -97.714233, Timestamp: 3988.717565
X: 33.680725, Y: 16.552734, Z: -120.216370, Timestamp: 3988.743473
X: 12.591553, Y: 5.455017, Z: -128.701782, Timestamp: 3988.769339
X: 11.524963, Y: -9.185791, Z: -120.939636, Timestamp: 3988.795250
X: 10.830688, Y: -8.572388, Z: -96.855164, Timestamp: 3988.821116
X: 31.393433, Y: -36.798096, Z: -85.099792, Timestamp: 3988.846988
X: 10.476685, Y: -76.170349, Z: -87.046814, Timestamp: 3988.872899
X: -32.072449, Y: -54.006958, Z: -75.105286, Timestamp: 3988.898751
X: -80.471802, Y: -13.146973, Z: -55.212402, Timestamp: 3988.924682
X: -97.113037, Y: -7.481384, Z: -27.342224, Timestamp: 3988.950549
X: -95.686340, Y: 2.735901, Z: -3.506470, Timestamp: 3988.976427
X: -86.463928, Y: 0.874329, Z: 35.935974, Timestamp: 3989.002343
X: -88.722229, Y: -10.125732, Z: 30.731201, Timestamp: 3989.028212
X: -95.881653, Y: 26.412964, Z: -13.107300, Timestamp: 3989.054129
X: -113.778687, Y: 20.086670, Z: 28.483582, Timestamp: 3989.080003
X: -116.740417, Y: -7.058716, Z: 23.381042, Timestamp: 3989.105875
X: -117.137146, Y: -12.898254, Z: 3.904724, Timestamp: 3989.131792
X: -123.905945, Y: -6.150818, Z: -20.930481, Timestamp: 3989.157666
X: -116.943359, Y: 1.138306, Z: -47.418213, Timestamp: 3989.183578
X: -113.577271, Y: 10.934448, Z: -32.110596, Timestamp: 3989.209460
X: -110.919189, Y: 9.646606, Z: -10.131836, Timestamp: 3989.235335
X: -113.864136, Y: -12.524414, Z: 11.247253, Timestamp: 3989.261253
X: -107.461548, Y: -19.888306, Z: 4.017639, Timestamp: 3989.287130
X: -94.792175, Y: -13.983154, Z: 8.724976, Timestamp: 3989.313048
X: -88.650513, Y: -19.906616, Z: 23.983765, Timestamp: 3989.338922
X: -83.004761, Y: -38.519287, Z: 24.284363, Timestamp: 3989.364799
X: -76.463318, Y: -41.085815, Z: 32.348633, Timestamp: 3989.390716
X: -62.049866, Y: -33.380127, Z: 34.761047, Timestamp: 3989.416593
X: -38.822937, Y: -37.545776, Z: 62.977600, Timestamp: 3989.442510
X: -24.278259, Y: -79.112244, Z: 71.716309, Timestamp: 3989.468386
X: -24.360657, Y: -71.282959, Z: 57.089233, Timestamp: 3989.494260
X: -14.724731, Y: -62.535095, Z: 65.106201, Timestamp: 3989.520178
X: 9.230042, Y: -57.199097, Z: 60.946655, Timestamp: 3989.546041
X: 24.150085, Y: -69.145203, Z: 62.101746, Timestamp: 3989.571958
X: 28.009033, Y: -52.471924, Z: 58.316040, Timestamp: 3989.597834
X: 41.206360, Y: -23.876953, Z: 58.419800, Timestamp: 3989.623712
X: 72.909546, Y: -6.565857, Z: 60.923767, Timestamp: 3989.649629
X: 102.159119, Y: -9.164429, Z: 54.263306, Timestamp: 3989.675504
X: 81.503296, Y: -22.294617, Z: 53.918457, Timestamp: 3989.701419
X: 78.068542, Y: 13.035583, Z: 48.939514, Timestamp: 3989.727297
X: 92.268372, Y: 31.669617, Z: 50.335693, Timestamp: 3989.753160
X: 90.113831, Y: 32.505798, Z: 48.233032, Timestamp: 3989.779089
X: 66.062927, Y: 27.926636, Z: 51.359558, Timestamp: 3989.804961
X: 65.406799, Y: 45.434570, Z: 51.914978, Timestamp: 3989.830883
X: 75.230408, Y: 32.409668, Z: 57.601929, Timestamp: 3989.856763
X: 76.818848, Y: 29.608154, Z: 61.087036, Timestamp: 3989.882641
X: 93.539429, Y: 6.491089, Z: 55.023193, Timestamp: 3989.908560
X: 91.728210, Y: -31.892395, Z: 19.482422, Timestamp: 3989.934439
X: 79.917908, Y: -86.877441, Z: -24.772644, Timestamp: 3989.960358
X: 27.772522, Y: -53.826904, Z: -22.096252, Timestamp: 3989.986238
X: 19.552612, Y: -129.530334, Z: -57.185364, Timestamp: 3990.012117
X: 27.285767, Y: -99.214172, Z: -46.632385, Timestamp: 3990.038035
X: 4.092407, Y: -80.717468, Z: -31.393433, Timestamp: 3990.063912
X: -26.177979, Y: -96.794128, Z: -49.786377, Timestamp: 3990.089832
X: -46.109009, Y: -82.878113, Z: -57.487488, Timestamp: 3990.115713
X: -52.288818, Y: -68.354797, Z: -44.952393, Timestamp: 3990.141589
X: -64.305115, Y: -59.869385, Z: -29.147339, Timestamp: 3990.167508
X: -80.041504, Y: -25.091553, Z: -8.180237, Timestamp: 3990.193388
X: -100.468445, Y: -27.268982, Z: -0.138855, Timestamp: 3990.219304
X: -97.419739, Y: -48.440552, Z: -3.936768, Timestamp: 3990.245182
X: -92.631531, Y: -54.113770, Z: -5.548096, Timestamp: 3990.271054
X: -87.171936, Y: -43.223572, Z: 5.177307, Timestamp: 3990.296974
X: -81.681824, Y: -9.704590, Z: 38.140869, Timestamp: 3990.322854
X: -89.596558, Y: -28.971863, Z: 55.886841, Timestamp: 3990.348772
X: -81.463623, Y: -10.528564, Z: 49.664307, Timestamp: 3990.374651
X: -70.578003, Y: -1.028442, Z: 31.651306, Timestamp: 3990.400532
X: -87.554932, Y: 10.993958, Z: -25.257874, Timestamp: 3990.426449
X: -73.225403, Y: 3.831482, Z: -48.077393, Timestamp: 3990.452327
X: -58.706665, Y: 16.075134, Z: -59.400940, Timestamp: 3990.478248
X: -59.483337, Y: 4.867554, Z: -99.177551, Timestamp: 3990.504122
X: -61.293030, Y: -10.165405, Z: -98.680115, Timestamp: 3990.530000
X: -51.522827, Y: 5.952454, Z: -84.976196, Timestamp: 3990.555915
X: -38.795471, Y: -2.310181, Z: -104.527283, Timestamp: 3990.581789
X: -49.508667, Y: 18.313599, Z: -98.699951, Timestamp: 3990.607708
X: -28.094482, Y: 27.268982, Z: -90.913391, Timestamp: 3990.633584
X: 12.765503, Y: 18.942261, Z: -111.427307, Timestamp: 3990.659460
X: 17.851257, Y: 27.622986, Z: -104.284668, Timestamp: 3990.685377
X: 31.538391, Y: 22.499084, Z: -116.554260, Timestamp: 3990.711253
X: 36.628723, Y: 33.363342, Z: -114.317322, Timestamp: 3990.737172
X: 33.619690, Y: 56.520081, Z: -103.225708, Timestamp: 3990.763049
X: 40.312195, Y: 49.238586, Z: -102.940369, Timestamp: 3990.788927
X: 46.101379, Y: 48.008728, Z: -97.296143, Timestamp: 3990.814843
X: 58.215332, Y: 41.188049, Z: -88.049316, Timestamp: 3990.840720
X: 75.442505, Y: 42.408752, Z: -70.616150, Timestamp: 3990.866639
X: 81.910706, Y: 73.135376, Z: -98.294067, Timestamp: 3990.892515
X: 59.414673, Y: 70.909119, Z: -71.507263, Timestamp: 3990.918391
X: 78.553772, Y: 49.615479, Z: -62.231445, Timestamp: 3990.944312
X: 77.339172, Y: 39.048767, Z: -73.709106, Timestamp: 3990.970186
X: 73.658752, Y: 17.095947, Z: -94.494629, Timestamp: 3990.996086
X: 84.208679, Y: 45.568848, Z: -58.520508, Timestamp: 3991.021980
X: 77.934265, Y: 28.186035, Z: -53.944397, Timestamp: 3991.047857
X: 78.982544, Y: 26.527405, Z: -46.614075, Timestamp: 3991.073773
X: 66.905212, Y: 55.268860, Z: -36.680603, Timestamp: 3991.099648
X: 57.720947, Y: 34.178162, Z: -2.055359, Timestamp: 3991.125566
X: 70.797729, Y: 29.789734, Z: 15.380859, Timestamp: 3991.151447
X: 57.452393, Y: 32.012939, Z: 30.697632, Timestamp: 3991.177323
X: 57.267761, Y: 35.003662, Z: 49.829102, Timestamp: 3991.203243
X: 68.736267, Y: 58.453369, Z: 50.099182, Timestamp: 3991.229123
X: 60.607910, Y: 60.403442, Z: 28.953552, Timestamp: 3991.255042
X: 58.842468, Y: 61.276245, Z: 32.162476, Timestamp: 3991.280922
X: 72.221375, Y: 75.076294, Z: 30.793762, Timestamp: 3991.306799
X: 51.271057, Y: 85.462952, Z: 33.250427, Timestamp: 3991.332717
X: 21.522522, Y: 77.522278, Z: 38.764954, Timestamp: 3991.358600
X: 18.778992, Y: 96.430969, Z: 34.178162, Timestamp: 3991.384520
X: 16.558838, Y: 91.490173, Z: 31.672668, Timestamp: 3991.410399
X: 31.629944, Y: 100.170898, Z: 27.655029, Timestamp: 3991.436277
X: 28.103638, Y: 102.879333, Z: 19.064331, Timestamp: 3991.462195
X: 26.777649, Y: 84.391785, Z: 22.566223, Timestamp: 3991.488076
X: 44.564819, Y: 107.629395, Z: 4.806519, Timestamp: 3991.513997
X: 42.338562, Y: 103.369141, Z: 6.723022, Timestamp: 3991.539876
X: 9.936523, Y: 103.451538, Z: 9.652710, Timestamp: 3991.565754
X: 11.004639, Y: 75.334167, Z: 7.073975, Timestamp: 3991.591673
X: 10.997009, Y: 104.385376, Z: 6.350708, Timestamp: 3991.617557
X: 13.966370, Y: 105.319214, Z: -5.189514, Timestamp: 3991.643477
X: 16.589355, Y: 64.938354, Z: -11.857605, Timestamp: 3991.669360
X: 43.565369, Y: 135.519409, Z: -24.490356, Timestamp: 3991.695237
X: 23.440552, Y: 94.898987, Z: -14.245605, Timestamp: 3991.721148
X: 11.540222, Y: 98.619080, Z: -32.006836, Timestamp: 3991.747035
X: 17.507935, Y: 84.774780, Z: -42.846680, Timestamp: 3991.772953
X: 22.140503, Y: 68.376160, Z: -57.812500, Timestamp: 3991.798817
X: 41.195679, Y: 88.075256, Z: -71.780396, Timestamp: 3991.824704
X: 49.061584, Y: 86.254883, Z: -77.548218, Timestamp: 3991.850611
X: 32.063293, Y: 43.142700, Z: -99.217224, Timestamp: 3991.876496
X: 16.317749, Y: 46.798706, Z: -108.222961, Timestamp: 3991.902413
X: 33.296204, Y: 24.127197, Z: -113.568115, Timestamp: 3991.928296
X: 54.444885, Y: -18.244934, Z: -108.956909, Timestamp: 3991.954177
X: 56.253052, Y: -29.858398, Z: -94.218445, Timestamp: 3991.980099
X: 71.559143, Y: -52.192688, Z: -87.387085, Timestamp: 3992.005982
X: 44.828796, Y: -84.672546, Z: -103.848267, Timestamp: 3992.031904
X: 37.385559, Y: -94.316101, Z: -68.208313, Timestamp: 3992.057782
X: 38.085938, Y: -121.784973, Z: -43.307495, Timestamp: 3992.083662
X: 7.600403, Y: -109.732056, Z: -41.018677, Timestamp: 3992.109582
X: 8.938599, Y: -72.039795, Z: -26.234436, Timestamp: 3992.135463
X: -1.847839, Y: -33.045959, Z: 5.189514, Timestamp: 3992.161383
X: -37.518311, Y: -46.987915, Z: 26.646423, Timestamp: 3992.187263
X: -69.609070, Y: -56.718445, Z: 11.245728, Timestamp: 3992.213144
X: -63.803101, Y: -33.895874, Z: 7.258606, Timestamp: 3992.239064
X: -71.401978, Y: -13.687134, Z: 15.580750, Timestamp: 3992.264940
X: -70.683289, Y: -6.105042, Z: 29.702759, Timestamp: 3992.290860
X: -77.255249, Y: -3.994751, Z: 25.169373, Timestamp: 3992.316739
X: -102.165222, Y: -9.989929, Z: 20.861816, Timestamp: 3992.342615
X: -103.176880, Y: -24.136353, Z: 29.576111, Timestamp: 3992.368534
X: -98.507690, Y: -44.821167, Z: 15.148926, Timestamp: 3992.394410
X: -85.392761, Y: -47.579956, Z: 4.806519, Timestamp: 3992.420329
X: -100.131226, Y: -72.369385, Z: -3.605652, Timestamp: 3992.446207
X: -111.740112, Y: -85.156250, Z: -22.653198, Timestamp: 3992.472089
X: -132.534790, Y: -73.382568, Z: -29.232788, Timestamp: 3992.498008
X: -158.311462, Y: -68.740845, Z: -55.966187, Timestamp: 3992.523886
X: -173.443604, Y: -61.077881, Z: -35.459900, Timestamp: 3992.549806
X: -140.737915, Y: -95.245361, Z: -58.711243, Timestamp: 3992.575682
X: -109.582520, Y: -94.235229, Z: -77.146912, Timestamp: 3992.601558
X: -94.097900, Y: -78.527832, Z: -38.246155, Timestamp: 3992.627479
X: -78.150940, Y: -77.894592, Z: 0.486755, Timestamp: 3992.653359
X: -69.520569, Y: -97.163391, Z: 4.476929, Timestamp: 3992.679278
X: -58.898926, Y: -76.629639, Z: 14.796448, Timestamp: 3992.705158
X: -45.436096, Y: -57.162476, Z: 35.043335, Timestamp: 3992.731033
X: -31.317139, Y: -45.271301, Z: 46.037292, Timestamp: 3992.756950
X: -23.963928, Y: -17.912292, Z: 46.717834, Timestamp: 3992.782830
X: -17.669678, Y: 11.026001, Z: 55.157471, Timestamp: 3992.808751
X: -11.578369, Y: 25.894165, Z: 62.513733, Timestamp: 3992.834629
X: -10.545349, Y: 36.267090, Z: 64.643860, Timestamp: 3992.860507
X: -11.296082, Y: 39.321899, Z: 69.406128, Timestamp: 3992.886423
X: -3.134155, Y: 44.526672, Z: 79.380798, Timestamp: 3992.912300
X: -0.146484, Y: 42.776489, Z: 81.089783, Timestamp: 3992.938221
X: 7.102966, Y: 33.000183, Z: 80.505371, Timestamp: 3992.964098
X: 15.983582, Y: 25.584412, Z: 82.130432, Timestamp: 3992.989974
X: 20.335388, Y: 31.117249, Z: 81.913757, Timestamp: 3993.015892
X: 29.040527, Y: 36.665344, Z: 93.063354, Timestamp: 3993.041771
X: 35.803223, Y: 28.388977, Z: 101.518250, Timestamp: 3993.067689